<?xml version="1.0" encoding="UTF-8"?>
<testng-results ignored="0" total="1" passed="1" failed="0" skipped="0">
  <reporter-output>
  </reporter-output>
  <suite started-at="2025-07-21T14:21:28 IST" name="Default suite" finished-at="2025-07-21T14:22:04 IST" duration-ms="35979">
    <groups>
    </groups>
    <test started-at="2025-07-21T14:21:28 IST" name="Default test" finished-at="2025-07-21T14:22:04 IST" duration-ms="35979">
      <class name="modulepackage.RedrobProject.TestCase1_Signup">
        <test-method is-config="true" signature="launch()[pri:0, instance:modulepackage.RedrobProject.TestCase1_Signup@78691363]" started-at="2025-07-21T14:21:28 IST" name="launch" finished-at="2025-07-21T14:21:55 IST" duration-ms="26194" status="PASS">
          <reporter-output>
          </reporter-output>
        </test-method> <!-- launch -->
        <test-method signature="signup()[pri:0, instance:modulepackage.RedrobProject.TestCase1_Signup@78691363]" started-at="2025-07-21T14:21:55 IST" name="signup" finished-at="2025-07-21T14:21:59 IST" duration-ms="4708" status="PASS">
          <reporter-output>
          </reporter-output>
        </test-method> <!-- signup -->
        <test-method is-config="true" signature="quit()[pri:0, instance:modulepackage.RedrobProject.TestCase1_Signup@78691363]" started-at="2025-07-21T14:21:59 IST" name="quit" finished-at="2025-07-21T14:22:04 IST" duration-ms="5017" status="PASS">
          <reporter-output>
          </reporter-output>
        </test-method> <!-- quit -->
      </class> <!-- modulepackage.RedrobProject.TestCase1_Signup -->
    </test> <!-- Default test -->
  </suite> <!-- Default suite -->
</testng-results>
